[0801/065955:ERROR:renderer_main.cc(226)] Running without renderer sandbox
[0801/065955:ERROR:renderer_main.cc(226)] Running without renderer sandbox
[0801/065956:ERROR:renderer_main.cc(226)] Running without renderer sandbox
[0801/065957:INFO:dhcp_proxy_script_adapter_fetcher_win.cc(264)] Error fetching PAC URL from DHCP: 2
[0801/065957:INFO:dhcp_proxy_script_adapter_fetcher_win.cc(264)] Error fetching PAC URL from DHCP: 2
[0801/065957:INFO:dhcp_proxy_script_adapter_fetcher_win.cc(264)] Error fetching PAC URL from DHCP: 2
[0801/065957:INFO:dhcp_proxy_script_adapter_fetcher_win.cc(264)] Error fetching PAC URL from DHCP: 2
[0801/065958:INFO:CONSOLE(0)] "event.returnValue is deprecated. Please use the standard event.preventDefault() instead.", source:  (0)
[0801/070006:INFO:dhcp_proxy_script_adapter_fetcher_win.cc(264)] Error fetching PAC URL from DHCP: 2
[0801/070006:INFO:dhcp_proxy_script_adapter_fetcher_win.cc(264)] Error fetching PAC URL from DHCP: 2
[0801/070006:INFO:dhcp_proxy_script_adapter_fetcher_win.cc(264)] Error fetching PAC URL from DHCP: 2
[0801/070006:INFO:dhcp_proxy_script_adapter_fetcher_win.cc(264)] Error fetching PAC URL from DHCP: 2
[0801/070134:INFO:dhcp_proxy_script_adapter_fetcher_win.cc(264)] Error fetching PAC URL from DHCP: 2
[0801/070134:INFO:dhcp_proxy_script_adapter_fetcher_win.cc(264)] Error fetching PAC URL from DHCP: 2
[0801/070134:INFO:dhcp_proxy_script_adapter_fetcher_win.cc(264)] Error fetching PAC URL from DHCP: 2
[0801/070134:INFO:dhcp_proxy_script_adapter_fetcher_win.cc(264)] Error fetching PAC URL from DHCP: 2
[0801/112634:ERROR:renderer_main.cc(226)] Running without renderer sandbox
[0801/112634:ERROR:renderer_main.cc(226)] Running without renderer sandbox
[0801/112634:ERROR:renderer_main.cc(226)] Running without renderer sandbox
[0801/112635:INFO:dhcp_proxy_script_adapter_fetcher_win.cc(264)] Error fetching PAC URL from DHCP: 2
[0801/112635:INFO:dhcp_proxy_script_adapter_fetcher_win.cc(264)] Error fetching PAC URL from DHCP: 2
[0801/112635:INFO:dhcp_proxy_script_adapter_fetcher_win.cc(264)] Error fetching PAC URL from DHCP: 2
[0801/112635:INFO:dhcp_proxy_script_adapter_fetcher_win.cc(264)] Error fetching PAC URL from DHCP: 2
[0801/112636:INFO:CONSOLE(0)] "event.returnValue is deprecated. Please use the standard event.preventDefault() instead.", source:  (0)
[0801/112644:INFO:dhcp_proxy_script_adapter_fetcher_win.cc(264)] Error fetching PAC URL from DHCP: 2
[0801/112644:INFO:dhcp_proxy_script_adapter_fetcher_win.cc(264)] Error fetching PAC URL from DHCP: 2
[0801/112644:INFO:dhcp_proxy_script_adapter_fetcher_win.cc(264)] Error fetching PAC URL from DHCP: 2
[0801/112644:INFO:dhcp_proxy_script_adapter_fetcher_win.cc(264)] Error fetching PAC URL from DHCP: 2
[0801/150328:ERROR:renderer_main.cc(226)] Running without renderer sandbox
[0801/150328:ERROR:renderer_main.cc(226)] Running without renderer sandbox
[0801/150329:ERROR:renderer_main.cc(226)] Running without renderer sandbox
[0801/150329:INFO:dhcp_proxy_script_adapter_fetcher_win.cc(264)] Error fetching PAC URL from DHCP: 2
[0801/150329:INFO:dhcp_proxy_script_adapter_fetcher_win.cc(264)] Error fetching PAC URL from DHCP: 2
[0801/150329:INFO:dhcp_proxy_script_adapter_fetcher_win.cc(264)] Error fetching PAC URL from DHCP: 2
[0801/150329:INFO:dhcp_proxy_script_adapter_fetcher_win.cc(264)] Error fetching PAC URL from DHCP: 2
[0801/150331:INFO:CONSOLE(0)] "event.returnValue is deprecated. Please use the standard event.preventDefault() instead.", source:  (0)
[0801/150338:INFO:dhcp_proxy_script_adapter_fetcher_win.cc(264)] Error fetching PAC URL from DHCP: 2
[0801/150338:INFO:dhcp_proxy_script_adapter_fetcher_win.cc(264)] Error fetching PAC URL from DHCP: 2
[0801/150338:INFO:dhcp_proxy_script_adapter_fetcher_win.cc(264)] Error fetching PAC URL from DHCP: 2
[0801/150338:INFO:dhcp_proxy_script_adapter_fetcher_win.cc(264)] Error fetching PAC URL from DHCP: 2
[0801/150432:INFO:CONSOLE(48)] "TypeError: Cannot read property 'pointX' of null
    at Object.EdgeDOM.updateOverlay (http://127.0.0.1:54321/_DRIVE_C_EVIRD_/Users/Sena/Desktop/Escritorio/deka-pagina-web/edge_includes/an.canvas.overlay.min.js:43:373)
    at Object.EdgeDOM.setInteractiveCookie (http://127.0.0.1:54321/_DRIVE_C_EVIRD_/Users/Sena/Desktop/Escritorio/deka-pagina-web/edge_includes/an.canvas.overlay.min.js:25:302)
    at eval (eval at <anonymous> (unknown source), <anonymous>:1:21)
    at <anonymous>:0:59", source: http://127.0.0.1:54321/_DRIVE_C_EVIRD_/Users/Sena/Desktop/Escritorio/deka-pagina-web/edge_includes/an.canvas.overlay.min.js (48)
[0801/150456:INFO:CONSOLE(48)] "TypeError: Cannot read property 'pointX' of null
    at Object.EdgeDOM.updateOverlay (http://127.0.0.1:54321/_DRIVE_C_EVIRD_/Users/Sena/Desktop/Escritorio/deka-pagina-web/edge_includes/an.canvas.overlay.min.js:43:373)
    at Object.EdgeDOM.setInteractiveCookie (http://127.0.0.1:54321/_DRIVE_C_EVIRD_/Users/Sena/Desktop/Escritorio/deka-pagina-web/edge_includes/an.canvas.overlay.min.js:25:302)
    at eval (eval at <anonymous> (unknown source), <anonymous>:1:21)
    at <anonymous>:0:59", source: http://127.0.0.1:54321/_DRIVE_C_EVIRD_/Users/Sena/Desktop/Escritorio/deka-pagina-web/edge_includes/an.canvas.overlay.min.js (48)
[0801/150459:INFO:CONSOLE(48)] "TypeError: Cannot read property 'pointX' of null
    at Object.EdgeDOM.updateOverlay (http://127.0.0.1:54321/_DRIVE_C_EVIRD_/Users/Sena/Desktop/Escritorio/deka-pagina-web/edge_includes/an.canvas.overlay.min.js:43:373)
    at Object.EdgeDOM.setInteractiveCookie (http://127.0.0.1:54321/_DRIVE_C_EVIRD_/Users/Sena/Desktop/Escritorio/deka-pagina-web/edge_includes/an.canvas.overlay.min.js:25:302)
    at eval (eval at <anonymous> (unknown source), <anonymous>:1:21)
    at <anonymous>:0:59", source: http://127.0.0.1:54321/_DRIVE_C_EVIRD_/Users/Sena/Desktop/Escritorio/deka-pagina-web/edge_includes/an.canvas.overlay.min.js (48)
[0801/150519:INFO:CONSOLE(48)] "TypeError: Cannot read property 'pointX' of null
    at Object.EdgeDOM.updateOverlay (http://127.0.0.1:54321/_DRIVE_C_EVIRD_/Users/Sena/Desktop/Escritorio/deka-pagina-web/edge_includes/an.canvas.overlay.min.js:43:373)
    at Object.EdgeDOM.setInteractiveCookie (http://127.0.0.1:54321/_DRIVE_C_EVIRD_/Users/Sena/Desktop/Escritorio/deka-pagina-web/edge_includes/an.canvas.overlay.min.js:25:302)
    at eval (eval at <anonymous> (unknown source), <anonymous>:1:21)
    at <anonymous>:0:59", source: http://127.0.0.1:54321/_DRIVE_C_EVIRD_/Users/Sena/Desktop/Escritorio/deka-pagina-web/edge_includes/an.canvas.overlay.min.js (48)
[0801/150525:INFO:CONSOLE(48)] "TypeError: Cannot read property 'pointX' of null
    at Object.EdgeDOM.updateOverlay (http://127.0.0.1:54321/_DRIVE_C_EVIRD_/Users/Sena/Desktop/Escritorio/deka-pagina-web/edge_includes/an.canvas.overlay.min.js:43:373)
    at Object.EdgeDOM.setInteractiveCookie (http://127.0.0.1:54321/_DRIVE_C_EVIRD_/Users/Sena/Desktop/Escritorio/deka-pagina-web/edge_includes/an.canvas.overlay.min.js:25:302)
    at eval (eval at <anonymous> (unknown source), <anonymous>:1:21)
    at <anonymous>:0:59", source: http://127.0.0.1:54321/_DRIVE_C_EVIRD_/Users/Sena/Desktop/Escritorio/deka-pagina-web/edge_includes/an.canvas.overlay.min.js (48)
[0801/150528:INFO:CONSOLE(48)] "TypeError: Cannot read property 'pointX' of null
    at Object.EdgeDOM.updateOverlay (http://127.0.0.1:54321/_DRIVE_C_EVIRD_/Users/Sena/Desktop/Escritorio/deka-pagina-web/edge_includes/an.canvas.overlay.min.js:43:373)
    at Object.EdgeDOM.setInteractiveCookie (http://127.0.0.1:54321/_DRIVE_C_EVIRD_/Users/Sena/Desktop/Escritorio/deka-pagina-web/edge_includes/an.canvas.overlay.min.js:25:302)
    at eval (eval at <anonymous> (unknown source), <anonymous>:1:21)
    at <anonymous>:0:59", source: http://127.0.0.1:54321/_DRIVE_C_EVIRD_/Users/Sena/Desktop/Escritorio/deka-pagina-web/edge_includes/an.canvas.overlay.min.js (48)
[0801/150607:INFO:CONSOLE(48)] "TypeError: Cannot read property 'pointX' of null
    at Object.EdgeDOM.updateOverlay (http://127.0.0.1:54321/_DRIVE_C_EVIRD_/Users/Sena/Desktop/Escritorio/deka-pagina-web/edge_includes/an.canvas.overlay.min.js:43:373)
    at Object.EdgeDOM.setInteractiveCookie (http://127.0.0.1:54321/_DRIVE_C_EVIRD_/Users/Sena/Desktop/Escritorio/deka-pagina-web/edge_includes/an.canvas.overlay.min.js:25:302)
    at eval (eval at <anonymous> (unknown source), <anonymous>:1:21)
    at <anonymous>:0:59", source: http://127.0.0.1:54321/_DRIVE_C_EVIRD_/Users/Sena/Desktop/Escritorio/deka-pagina-web/edge_includes/an.canvas.overlay.min.js (48)
[0801/150626:INFO:CONSOLE(48)] "TypeError: Cannot read property 'pointX' of null
    at Object.EdgeDOM.updateOverlay (http://127.0.0.1:54321/_DRIVE_C_EVIRD_/Users/Sena/Desktop/Escritorio/deka-pagina-web/edge_includes/an.canvas.overlay.min.js:43:373)
    at Object.EdgeDOM.setInteractiveCookie (http://127.0.0.1:54321/_DRIVE_C_EVIRD_/Users/Sena/Desktop/Escritorio/deka-pagina-web/edge_includes/an.canvas.overlay.min.js:25:302)
    at eval (eval at <anonymous> (unknown source), <anonymous>:1:21)
    at <anonymous>:0:59", source: http://127.0.0.1:54321/_DRIVE_C_EVIRD_/Users/Sena/Desktop/Escritorio/deka-pagina-web/edge_includes/an.canvas.overlay.min.js (48)
[0801/150758:INFO:dhcp_proxy_script_adapter_fetcher_win.cc(264)] Error fetching PAC URL from DHCP: 2
[0801/150758:INFO:dhcp_proxy_script_adapter_fetcher_win.cc(264)] Error fetching PAC URL from DHCP: 2
[0801/150758:INFO:dhcp_proxy_script_adapter_fetcher_win.cc(264)] Error fetching PAC URL from DHCP: 2
[0801/150758:INFO:dhcp_proxy_script_adapter_fetcher_win.cc(264)] Error fetching PAC URL from DHCP: 2
[0801/151220:INFO:dhcp_proxy_script_adapter_fetcher_win.cc(264)] Error fetching PAC URL from DHCP: 2
[0801/151220:INFO:dhcp_proxy_script_adapter_fetcher_win.cc(264)] Error fetching PAC URL from DHCP: 2
[0801/151220:INFO:dhcp_proxy_script_adapter_fetcher_win.cc(264)] Error fetching PAC URL from DHCP: 2
[0801/151220:INFO:dhcp_proxy_script_adapter_fetcher_win.cc(264)] Error fetching PAC URL from DHCP: 2
[0801/151410:INFO:CONSOLE(0)] "Uncaught TypeError: Cannot read property 'nodeType' of undefined,0", source: about:docKey-99 (0)
[0801/151410:INFO:CONSOLE(0)] "Uncaught TypeError: Cannot read property 'nodeType' of undefined", source: http://127.0.0.1:54321/_DRIVE_C_EVIRD_/Users/Sena/Desktop/Escritorio/deka-pagina-web/edge_includes/jquery-2.0.3.min.js (0)
[0801/151726:INFO:CONSOLE(0)] "Uncaught TypeError: Cannot read property 'nodeType' of undefined,0", source: about:docKey-131 (0)
[0801/151726:INFO:CONSOLE(0)] "Uncaught TypeError: Cannot read property 'nodeType' of undefined", source: http://127.0.0.1:54321/_DRIVE_C_EVIRD_/Users/Sena/Desktop/Escritorio/deka-pagina-web/edge_includes/jquery-2.0.3.min.js (0)
[0801/151954:INFO:CONSOLE(48)] "TypeError: Cannot read property 'pointX' of null
    at Object.EdgeDOM.updateOverlay (http://127.0.0.1:54321/_DRIVE_C_EVIRD_/Users/Sena/Desktop/Escritorio/deka-pagina-web/edge_includes/an.canvas.overlay.min.js:43:373)
    at Object.EdgeDOM.setInteractiveCookie (http://127.0.0.1:54321/_DRIVE_C_EVIRD_/Users/Sena/Desktop/Escritorio/deka-pagina-web/edge_includes/an.canvas.overlay.min.js:25:302)
    at eval (eval at <anonymous> (unknown source), <anonymous>:1:21)
    at <anonymous>:0:61", source: http://127.0.0.1:54321/_DRIVE_C_EVIRD_/Users/Sena/Desktop/Escritorio/deka-pagina-web/edge_includes/an.canvas.overlay.min.js (48)
[0801/151958:INFO:CONSOLE(48)] "TypeError: Cannot read property 'pointX' of null
    at Object.EdgeDOM.updateOverlay (http://127.0.0.1:54321/_DRIVE_C_EVIRD_/Users/Sena/Desktop/Escritorio/deka-pagina-web/edge_includes/an.canvas.overlay.min.js:43:373)
    at Object.EdgeDOM.setInteractiveCookie (http://127.0.0.1:54321/_DRIVE_C_EVIRD_/Users/Sena/Desktop/Escritorio/deka-pagina-web/edge_includes/an.canvas.overlay.min.js:25:302)
    at eval (eval at <anonymous> (unknown source), <anonymous>:1:21)
    at <anonymous>:0:61", source: http://127.0.0.1:54321/_DRIVE_C_EVIRD_/Users/Sena/Desktop/Escritorio/deka-pagina-web/edge_includes/an.canvas.overlay.min.js (48)
[0801/152006:INFO:CONSOLE(48)] "TypeError: Cannot read property 'pointX' of null
    at Object.EdgeDOM.updateOverlay (http://127.0.0.1:54321/_DRIVE_C_EVIRD_/Users/Sena/Desktop/Escritorio/deka-pagina-web/edge_includes/an.canvas.overlay.min.js:43:373)
    at Object.EdgeDOM.setInteractiveCookie (http://127.0.0.1:54321/_DRIVE_C_EVIRD_/Users/Sena/Desktop/Escritorio/deka-pagina-web/edge_includes/an.canvas.overlay.min.js:25:302)
    at eval (eval at <anonymous> (unknown source), <anonymous>:1:21)
    at <anonymous>:0:61", source: http://127.0.0.1:54321/_DRIVE_C_EVIRD_/Users/Sena/Desktop/Escritorio/deka-pagina-web/edge_includes/an.canvas.overlay.min.js (48)
[0801/152302:INFO:CONSOLE(0)] "Uncaught TypeError: Cannot read property 'nodeType' of undefined,0", source: about:docKey-168 (0)
[0801/152302:INFO:CONSOLE(0)] "Uncaught TypeError: Cannot read property 'nodeType' of undefined", source: http://127.0.0.1:54321/_DRIVE_C_EVIRD_/Users/Sena/Desktop/Escritorio/deka-pagina-web/edge_includes/jquery-2.0.3.min.js (0)
[0801/153312:INFO:CONSOLE(0)] "Uncaught TypeError: Cannot read property 'nodeType' of undefined,0", source: about:docKey-178 (0)
[0801/153312:INFO:CONSOLE(0)] "Uncaught TypeError: Cannot read property 'nodeType' of undefined", source: http://127.0.0.1:54321/_DRIVE_C_EVIRD_/Users/Sena/Desktop/Escritorio/deka-pagina-web/edge_includes/jquery-2.0.3.min.js (0)
[0801/153338:INFO:CONSOLE(0)] "Uncaught TypeError: Cannot read property 'nodeType' of undefined,0", source: about:docKey-186 (0)
[0801/153338:INFO:CONSOLE(0)] "Uncaught TypeError: Cannot read property 'nodeType' of undefined", source: http://127.0.0.1:54321/_DRIVE_C_EVIRD_/Users/Sena/Desktop/Escritorio/deka-pagina-web/edge_includes/jquery-2.0.3.min.js (0)
[0801/153558:INFO:CONSOLE(0)] "Uncaught TypeError: Cannot read property 'nodeType' of undefined,0", source: about:docKey-195 (0)
[0801/153558:INFO:CONSOLE(0)] "Uncaught TypeError: Cannot read property 'nodeType' of undefined", source: http://127.0.0.1:54321/_DRIVE_C_EVIRD_/Users/Sena/Desktop/Escritorio/deka-pagina-web/edge_includes/jquery-2.0.3.min.js (0)
[0801/172025:INFO:dhcp_proxy_script_adapter_fetcher_win.cc(264)] Error fetching PAC URL from DHCP: 2
[0801/172025:INFO:dhcp_proxy_script_adapter_fetcher_win.cc(264)] Error fetching PAC URL from DHCP: 2
[0801/172025:INFO:dhcp_proxy_script_adapter_fetcher_win.cc(264)] Error fetching PAC URL from DHCP: 2
[0801/172025:INFO:dhcp_proxy_script_adapter_fetcher_win.cc(264)] Error fetching PAC URL from DHCP: 2
[0801/172028:INFO:dhcp_proxy_script_adapter_fetcher_win.cc(264)] Error fetching PAC URL from DHCP: 2
[0801/172028:INFO:dhcp_proxy_script_adapter_fetcher_win.cc(264)] Error fetching PAC URL from DHCP: 2
[0801/172028:INFO:dhcp_proxy_script_adapter_fetcher_win.cc(264)] Error fetching PAC URL from DHCP: 2
[0801/172028:INFO:dhcp_proxy_script_adapter_fetcher_win.cc(264)] Error fetching PAC URL from DHCP: 2
[0801/172036:INFO:dhcp_proxy_script_adapter_fetcher_win.cc(264)] Error fetching PAC URL from DHCP: 2
[0801/172036:INFO:dhcp_proxy_script_adapter_fetcher_win.cc(264)] Error fetching PAC URL from DHCP: 2
[0801/172036:INFO:dhcp_proxy_script_adapter_fetcher_win.cc(264)] Error fetching PAC URL from DHCP: 2
[0801/172036:INFO:dhcp_proxy_script_adapter_fetcher_win.cc(264)] Error fetching PAC URL from DHCP: 2
[0801/172045:INFO:dhcp_proxy_script_adapter_fetcher_win.cc(264)] Error fetching PAC URL from DHCP: 2
[0801/172045:INFO:dhcp_proxy_script_adapter_fetcher_win.cc(264)] Error fetching PAC URL from DHCP: 2
[0801/172045:INFO:dhcp_proxy_script_adapter_fetcher_win.cc(264)] Error fetching PAC URL from DHCP: 2
[0801/172045:INFO:dhcp_proxy_script_adapter_fetcher_win.cc(264)] Error fetching PAC URL from DHCP: 2
[0801/172308:INFO:dhcp_proxy_script_adapter_fetcher_win.cc(264)] Error fetching PAC URL from DHCP: 2
[0801/172308:INFO:dhcp_proxy_script_adapter_fetcher_win.cc(264)] Error fetching PAC URL from DHCP: 2
[0801/172308:INFO:dhcp_proxy_script_adapter_fetcher_win.cc(264)] Error fetching PAC URL from DHCP: 2
[0801/172308:INFO:dhcp_proxy_script_adapter_fetcher_win.cc(264)] Error fetching PAC URL from DHCP: 2
[0801/172559:INFO:dhcp_proxy_script_adapter_fetcher_win.cc(264)] Error fetching PAC URL from DHCP: 2
[0801/172559:INFO:dhcp_proxy_script_adapter_fetcher_win.cc(264)] Error fetching PAC URL from DHCP: 2
[0801/172559:INFO:dhcp_proxy_script_adapter_fetcher_win.cc(264)] Error fetching PAC URL from DHCP: 2
[0801/172559:INFO:dhcp_proxy_script_adapter_fetcher_win.cc(264)] Error fetching PAC URL from DHCP: 2
[0801/172600:INFO:CONSOLE(0)] "Uncaught TypeError: Cannot read property 'nodeType' of undefined,0", source: about:docKey-231 (0)
[0801/172600:INFO:CONSOLE(0)] "Uncaught TypeError: Cannot read property 'nodeType' of undefined", source: http://127.0.0.1:54321/_DRIVE_C_EVIRD_/Users/Sena/Desktop/Escritorio/deka-pagina-web/edge_includes/jquery-2.0.3.min.js (0)
[0801/233536:INFO:dhcp_proxy_script_adapter_fetcher_win.cc(264)] Error fetching PAC URL from DHCP: 2
[0801/233536:INFO:dhcp_proxy_script_adapter_fetcher_win.cc(264)] Error fetching PAC URL from DHCP: 2
[0801/233536:INFO:dhcp_proxy_script_adapter_fetcher_win.cc(264)] Error fetching PAC URL from DHCP: 2
[0801/233536:INFO:dhcp_proxy_script_adapter_fetcher_win.cc(264)] Error fetching PAC URL from DHCP: 2
[0801/233541:INFO:dhcp_proxy_script_adapter_fetcher_win.cc(264)] Error fetching PAC URL from DHCP: 2
[0801/233541:INFO:dhcp_proxy_script_adapter_fetcher_win.cc(264)] Error fetching PAC URL from DHCP: 2
[0801/233541:INFO:dhcp_proxy_script_adapter_fetcher_win.cc(264)] Error fetching PAC URL from DHCP: 2
[0801/233541:INFO:dhcp_proxy_script_adapter_fetcher_win.cc(264)] Error fetching PAC URL from DHCP: 2
[0801/233550:INFO:dhcp_proxy_script_adapter_fetcher_win.cc(264)] Error fetching PAC URL from DHCP: 2
[0801/233550:INFO:dhcp_proxy_script_adapter_fetcher_win.cc(264)] Error fetching PAC URL from DHCP: 2
[0801/233550:INFO:dhcp_proxy_script_adapter_fetcher_win.cc(264)] Error fetching PAC URL from DHCP: 2
[0801/233550:INFO:dhcp_proxy_script_adapter_fetcher_win.cc(264)] Error fetching PAC URL from DHCP: 2
[0801/233703:INFO:dhcp_proxy_script_adapter_fetcher_win.cc(264)] Error fetching PAC URL from DHCP: 2
[0801/233703:INFO:dhcp_proxy_script_adapter_fetcher_win.cc(264)] Error fetching PAC URL from DHCP: 2
[0801/233703:INFO:dhcp_proxy_script_adapter_fetcher_win.cc(264)] Error fetching PAC URL from DHCP: 2
[0801/233703:INFO:dhcp_proxy_script_adapter_fetcher_win.cc(264)] Error fetching PAC URL from DHCP: 2
[0801/233712:INFO:dhcp_proxy_script_adapter_fetcher_win.cc(264)] Error fetching PAC URL from DHCP: 2
[0801/233712:INFO:dhcp_proxy_script_adapter_fetcher_win.cc(264)] Error fetching PAC URL from DHCP: 2
[0801/233712:INFO:dhcp_proxy_script_adapter_fetcher_win.cc(264)] Error fetching PAC URL from DHCP: 2
[0801/233712:INFO:dhcp_proxy_script_adapter_fetcher_win.cc(264)] Error fetching PAC URL from DHCP: 2
[0802/030606:INFO:dhcp_proxy_script_adapter_fetcher_win.cc(264)] Error fetching PAC URL from DHCP: 2
[0802/030606:INFO:dhcp_proxy_script_adapter_fetcher_win.cc(264)] Error fetching PAC URL from DHCP: 2
[0802/030606:INFO:dhcp_proxy_script_adapter_fetcher_win.cc(264)] Error fetching PAC URL from DHCP: 2
[0802/030606:INFO:dhcp_proxy_script_adapter_fetcher_win.cc(264)] Error fetching PAC URL from DHCP: 2
[0802/030611:INFO:dhcp_proxy_script_adapter_fetcher_win.cc(264)] Error fetching PAC URL from DHCP: 2
[0802/030611:INFO:dhcp_proxy_script_adapter_fetcher_win.cc(264)] Error fetching PAC URL from DHCP: 2
[0802/030611:INFO:dhcp_proxy_script_adapter_fetcher_win.cc(264)] Error fetching PAC URL from DHCP: 2
[0802/030611:INFO:dhcp_proxy_script_adapter_fetcher_win.cc(264)] Error fetching PAC URL from DHCP: 2
[0802/101046:INFO:dhcp_proxy_script_adapter_fetcher_win.cc(264)] Error fetching PAC URL from DHCP: 2
[0802/101046:INFO:dhcp_proxy_script_adapter_fetcher_win.cc(264)] Error fetching PAC URL from DHCP: 2
[0802/101046:INFO:dhcp_proxy_script_adapter_fetcher_win.cc(264)] Error fetching PAC URL from DHCP: 2
[0802/101046:INFO:dhcp_proxy_script_adapter_fetcher_win.cc(264)] Error fetching PAC URL from DHCP: 2
[0802/101049:INFO:dhcp_proxy_script_adapter_fetcher_win.cc(264)] Error fetching PAC URL from DHCP: 2
[0802/101049:INFO:dhcp_proxy_script_adapter_fetcher_win.cc(264)] Error fetching PAC URL from DHCP: 2
[0802/101049:INFO:dhcp_proxy_script_adapter_fetcher_win.cc(264)] Error fetching PAC URL from DHCP: 2
[0802/101049:INFO:dhcp_proxy_script_adapter_fetcher_win.cc(264)] Error fetching PAC URL from DHCP: 2
[0802/101052:INFO:dhcp_proxy_script_adapter_fetcher_win.cc(264)] Error fetching PAC URL from DHCP: 2
[0802/101052:INFO:dhcp_proxy_script_adapter_fetcher_win.cc(264)] Error fetching PAC URL from DHCP: 2
[0802/101052:INFO:dhcp_proxy_script_adapter_fetcher_win.cc(264)] Error fetching PAC URL from DHCP: 2
[0802/101052:INFO:dhcp_proxy_script_adapter_fetcher_win.cc(264)] Error fetching PAC URL from DHCP: 2
[0802/101101:INFO:dhcp_proxy_script_adapter_fetcher_win.cc(264)] Error fetching PAC URL from DHCP: 2
[0802/101101:INFO:dhcp_proxy_script_adapter_fetcher_win.cc(264)] Error fetching PAC URL from DHCP: 2
[0802/101101:INFO:dhcp_proxy_script_adapter_fetcher_win.cc(264)] Error fetching PAC URL from DHCP: 2
[0802/101101:INFO:dhcp_proxy_script_adapter_fetcher_win.cc(264)] Error fetching PAC URL from DHCP: 2
[0802/114056:INFO:dhcp_proxy_script_adapter_fetcher_win.cc(264)] Error fetching PAC URL from DHCP: 2
[0802/114056:INFO:dhcp_proxy_script_adapter_fetcher_win.cc(264)] Error fetching PAC URL from DHCP: 2
[0802/114056:INFO:dhcp_proxy_script_adapter_fetcher_win.cc(264)] Error fetching PAC URL from DHCP: 2
[0802/114056:INFO:dhcp_proxy_script_adapter_fetcher_win.cc(264)] Error fetching PAC URL from DHCP: 2
[0802/114059:INFO:dhcp_proxy_script_adapter_fetcher_win.cc(264)] Error fetching PAC URL from DHCP: 2
[0802/114059:INFO:dhcp_proxy_script_adapter_fetcher_win.cc(264)] Error fetching PAC URL from DHCP: 2
[0802/114059:INFO:dhcp_proxy_script_adapter_fetcher_win.cc(264)] Error fetching PAC URL from DHCP: 2
[0802/114059:INFO:dhcp_proxy_script_adapter_fetcher_win.cc(264)] Error fetching PAC URL from DHCP: 2
[0802/114108:INFO:dhcp_proxy_script_adapter_fetcher_win.cc(264)] Error fetching PAC URL from DHCP: 2
[0802/114108:INFO:dhcp_proxy_script_adapter_fetcher_win.cc(264)] Error fetching PAC URL from DHCP: 2
[0802/114108:INFO:dhcp_proxy_script_adapter_fetcher_win.cc(264)] Error fetching PAC URL from DHCP: 2
[0802/114108:INFO:dhcp_proxy_script_adapter_fetcher_win.cc(264)] Error fetching PAC URL from DHCP: 2
[0802/114145:INFO:dhcp_proxy_script_adapter_fetcher_win.cc(264)] Error fetching PAC URL from DHCP: 2
[0802/114145:INFO:dhcp_proxy_script_adapter_fetcher_win.cc(264)] Error fetching PAC URL from DHCP: 2
[0802/114145:INFO:dhcp_proxy_script_adapter_fetcher_win.cc(264)] Error fetching PAC URL from DHCP: 2
[0802/114145:INFO:dhcp_proxy_script_adapter_fetcher_win.cc(264)] Error fetching PAC URL from DHCP: 2
[0802/114154:INFO:dhcp_proxy_script_adapter_fetcher_win.cc(264)] Error fetching PAC URL from DHCP: 2
[0802/114154:INFO:dhcp_proxy_script_adapter_fetcher_win.cc(264)] Error fetching PAC URL from DHCP: 2
[0802/114154:INFO:dhcp_proxy_script_adapter_fetcher_win.cc(264)] Error fetching PAC URL from DHCP: 2
[0802/114154:INFO:dhcp_proxy_script_adapter_fetcher_win.cc(264)] Error fetching PAC URL from DHCP: 2
[0802/114207:INFO:dhcp_proxy_script_adapter_fetcher_win.cc(264)] Error fetching PAC URL from DHCP: 2
[0802/114207:INFO:dhcp_proxy_script_adapter_fetcher_win.cc(264)] Error fetching PAC URL from DHCP: 2
[0802/114207:INFO:dhcp_proxy_script_adapter_fetcher_win.cc(264)] Error fetching PAC URL from DHCP: 2
[0802/114207:INFO:dhcp_proxy_script_adapter_fetcher_win.cc(264)] Error fetching PAC URL from DHCP: 2
[0802/114216:INFO:dhcp_proxy_script_adapter_fetcher_win.cc(264)] Error fetching PAC URL from DHCP: 2
[0802/114216:INFO:dhcp_proxy_script_adapter_fetcher_win.cc(264)] Error fetching PAC URL from DHCP: 2
[0802/114216:INFO:dhcp_proxy_script_adapter_fetcher_win.cc(264)] Error fetching PAC URL from DHCP: 2
[0802/114216:INFO:dhcp_proxy_script_adapter_fetcher_win.cc(264)] Error fetching PAC URL from DHCP: 2
[0802/114238:INFO:dhcp_proxy_script_adapter_fetcher_win.cc(264)] Error fetching PAC URL from DHCP: 2
[0802/114238:INFO:dhcp_proxy_script_adapter_fetcher_win.cc(264)] Error fetching PAC URL from DHCP: 2
[0802/114238:INFO:dhcp_proxy_script_adapter_fetcher_win.cc(264)] Error fetching PAC URL from DHCP: 2
[0802/114238:INFO:dhcp_proxy_script_adapter_fetcher_win.cc(264)] Error fetching PAC URL from DHCP: 2
[0802/114247:INFO:dhcp_proxy_script_adapter_fetcher_win.cc(264)] Error fetching PAC URL from DHCP: 2
[0802/114247:INFO:dhcp_proxy_script_adapter_fetcher_win.cc(264)] Error fetching PAC URL from DHCP: 2
[0802/114247:INFO:dhcp_proxy_script_adapter_fetcher_win.cc(264)] Error fetching PAC URL from DHCP: 2
[0802/114247:INFO:dhcp_proxy_script_adapter_fetcher_win.cc(264)] Error fetching PAC URL from DHCP: 2
[0802/114305:INFO:dhcp_proxy_script_adapter_fetcher_win.cc(264)] Error fetching PAC URL from DHCP: 2
[0802/114305:INFO:dhcp_proxy_script_adapter_fetcher_win.cc(264)] Error fetching PAC URL from DHCP: 2
[0802/114305:INFO:dhcp_proxy_script_adapter_fetcher_win.cc(264)] Error fetching PAC URL from DHCP: 2
[0802/114305:INFO:dhcp_proxy_script_adapter_fetcher_win.cc(264)] Error fetching PAC URL from DHCP: 2
[0802/114314:INFO:dhcp_proxy_script_adapter_fetcher_win.cc(264)] Error fetching PAC URL from DHCP: 2
[0802/114314:INFO:dhcp_proxy_script_adapter_fetcher_win.cc(264)] Error fetching PAC URL from DHCP: 2
[0802/114314:INFO:dhcp_proxy_script_adapter_fetcher_win.cc(264)] Error fetching PAC URL from DHCP: 2
[0802/114314:INFO:dhcp_proxy_script_adapter_fetcher_win.cc(264)] Error fetching PAC URL from DHCP: 2
[0802/114326:INFO:dhcp_proxy_script_adapter_fetcher_win.cc(264)] Error fetching PAC URL from DHCP: 2
[0802/114326:INFO:dhcp_proxy_script_adapter_fetcher_win.cc(264)] Error fetching PAC URL from DHCP: 2
[0802/114326:INFO:dhcp_proxy_script_adapter_fetcher_win.cc(264)] Error fetching PAC URL from DHCP: 2
[0802/114326:INFO:dhcp_proxy_script_adapter_fetcher_win.cc(264)] Error fetching PAC URL from DHCP: 2
[0802/114335:INFO:dhcp_proxy_script_adapter_fetcher_win.cc(264)] Error fetching PAC URL from DHCP: 2
[0802/114335:INFO:dhcp_proxy_script_adapter_fetcher_win.cc(264)] Error fetching PAC URL from DHCP: 2
[0802/114335:INFO:dhcp_proxy_script_adapter_fetcher_win.cc(264)] Error fetching PAC URL from DHCP: 2
[0802/114335:INFO:dhcp_proxy_script_adapter_fetcher_win.cc(264)] Error fetching PAC URL from DHCP: 2
[0802/114427:INFO:dhcp_proxy_script_adapter_fetcher_win.cc(264)] Error fetching PAC URL from DHCP: 2
[0802/114427:INFO:dhcp_proxy_script_adapter_fetcher_win.cc(264)] Error fetching PAC URL from DHCP: 2
[0802/114427:INFO:dhcp_proxy_script_adapter_fetcher_win.cc(264)] Error fetching PAC URL from DHCP: 2
[0802/114427:INFO:dhcp_proxy_script_adapter_fetcher_win.cc(264)] Error fetching PAC URL from DHCP: 2
[0802/114436:INFO:dhcp_proxy_script_adapter_fetcher_win.cc(264)] Error fetching PAC URL from DHCP: 2
[0802/114436:INFO:dhcp_proxy_script_adapter_fetcher_win.cc(264)] Error fetching PAC URL from DHCP: 2
[0802/114436:INFO:dhcp_proxy_script_adapter_fetcher_win.cc(264)] Error fetching PAC URL from DHCP: 2
[0802/114436:INFO:dhcp_proxy_script_adapter_fetcher_win.cc(264)] Error fetching PAC URL from DHCP: 2
[0802/115125:INFO:dhcp_proxy_script_adapter_fetcher_win.cc(264)] Error fetching PAC URL from DHCP: 2
[0802/115125:INFO:dhcp_proxy_script_adapter_fetcher_win.cc(264)] Error fetching PAC URL from DHCP: 2
[0802/115125:INFO:dhcp_proxy_script_adapter_fetcher_win.cc(264)] Error fetching PAC URL from DHCP: 2
[0802/115125:INFO:dhcp_proxy_script_adapter_fetcher_win.cc(264)] Error fetching PAC URL from DHCP: 2
[0802/115134:INFO:dhcp_proxy_script_adapter_fetcher_win.cc(264)] Error fetching PAC URL from DHCP: 2
[0802/115134:INFO:dhcp_proxy_script_adapter_fetcher_win.cc(264)] Error fetching PAC URL from DHCP: 2
[0802/115134:INFO:dhcp_proxy_script_adapter_fetcher_win.cc(264)] Error fetching PAC URL from DHCP: 2
[0802/115134:INFO:dhcp_proxy_script_adapter_fetcher_win.cc(264)] Error fetching PAC URL from DHCP: 2
[0802/115235:INFO:dhcp_proxy_script_adapter_fetcher_win.cc(264)] Error fetching PAC URL from DHCP: 2
[0802/115235:INFO:dhcp_proxy_script_adapter_fetcher_win.cc(264)] Error fetching PAC URL from DHCP: 2
[0802/115235:INFO:dhcp_proxy_script_adapter_fetcher_win.cc(264)] Error fetching PAC URL from DHCP: 2
[0802/115235:INFO:dhcp_proxy_script_adapter_fetcher_win.cc(264)] Error fetching PAC URL from DHCP: 2
[0802/115244:INFO:dhcp_proxy_script_adapter_fetcher_win.cc(264)] Error fetching PAC URL from DHCP: 2
[0802/115244:INFO:dhcp_proxy_script_adapter_fetcher_win.cc(264)] Error fetching PAC URL from DHCP: 2
[0802/115244:INFO:dhcp_proxy_script_adapter_fetcher_win.cc(264)] Error fetching PAC URL from DHCP: 2
[0802/115244:INFO:dhcp_proxy_script_adapter_fetcher_win.cc(264)] Error fetching PAC URL from DHCP: 2
[0802/115506:INFO:dhcp_proxy_script_adapter_fetcher_win.cc(264)] Error fetching PAC URL from DHCP: 2
[0802/115506:INFO:dhcp_proxy_script_adapter_fetcher_win.cc(264)] Error fetching PAC URL from DHCP: 2
[0802/115506:INFO:dhcp_proxy_script_adapter_fetcher_win.cc(264)] Error fetching PAC URL from DHCP: 2
[0802/115506:INFO:dhcp_proxy_script_adapter_fetcher_win.cc(264)] Error fetching PAC URL from DHCP: 2
[0802/115515:INFO:dhcp_proxy_script_adapter_fetcher_win.cc(264)] Error fetching PAC URL from DHCP: 2
[0802/115515:INFO:dhcp_proxy_script_adapter_fetcher_win.cc(264)] Error fetching PAC URL from DHCP: 2
[0802/115515:INFO:dhcp_proxy_script_adapter_fetcher_win.cc(264)] Error fetching PAC URL from DHCP: 2
[0802/115515:INFO:dhcp_proxy_script_adapter_fetcher_win.cc(264)] Error fetching PAC URL from DHCP: 2
[0802/125338:INFO:dhcp_proxy_script_adapter_fetcher_win.cc(264)] Error fetching PAC URL from DHCP: 2
[0802/125338:INFO:dhcp_proxy_script_adapter_fetcher_win.cc(264)] Error fetching PAC URL from DHCP: 2
[0802/125338:INFO:dhcp_proxy_script_adapter_fetcher_win.cc(264)] Error fetching PAC URL from DHCP: 2
[0802/125338:INFO:dhcp_proxy_script_adapter_fetcher_win.cc(264)] Error fetching PAC URL from DHCP: 2
[0802/125343:INFO:dhcp_proxy_script_adapter_fetcher_win.cc(264)] Error fetching PAC URL from DHCP: 2
[0802/125343:INFO:dhcp_proxy_script_adapter_fetcher_win.cc(264)] Error fetching PAC URL from DHCP: 2
[0802/125343:INFO:dhcp_proxy_script_adapter_fetcher_win.cc(264)] Error fetching PAC URL from DHCP: 2
[0802/125343:INFO:dhcp_proxy_script_adapter_fetcher_win.cc(264)] Error fetching PAC URL from DHCP: 2
[0802/125352:INFO:dhcp_proxy_script_adapter_fetcher_win.cc(264)] Error fetching PAC URL from DHCP: 2
[0802/125352:INFO:dhcp_proxy_script_adapter_fetcher_win.cc(264)] Error fetching PAC URL from DHCP: 2
[0802/125352:INFO:dhcp_proxy_script_adapter_fetcher_win.cc(264)] Error fetching PAC URL from DHCP: 2
[0802/125352:INFO:dhcp_proxy_script_adapter_fetcher_win.cc(264)] Error fetching PAC URL from DHCP: 2
[0802/132033:INFO:dhcp_proxy_script_adapter_fetcher_win.cc(264)] Error fetching PAC URL from DHCP: 2
[0802/132033:INFO:dhcp_proxy_script_adapter_fetcher_win.cc(264)] Error fetching PAC URL from DHCP: 2
[0802/132033:INFO:dhcp_proxy_script_adapter_fetcher_win.cc(264)] Error fetching PAC URL from DHCP: 2
[0802/132033:INFO:dhcp_proxy_script_adapter_fetcher_win.cc(264)] Error fetching PAC URL from DHCP: 2
[0802/132038:INFO:dhcp_proxy_script_adapter_fetcher_win.cc(264)] Error fetching PAC URL from DHCP: 2
[0802/132038:INFO:dhcp_proxy_script_adapter_fetcher_win.cc(264)] Error fetching PAC URL from DHCP: 2
[0802/132038:INFO:dhcp_proxy_script_adapter_fetcher_win.cc(264)] Error fetching PAC URL from DHCP: 2
[0802/132038:INFO:dhcp_proxy_script_adapter_fetcher_win.cc(264)] Error fetching PAC URL from DHCP: 2
[0802/145925:ERROR:renderer_main.cc(226)] Running without renderer sandbox
[0802/145925:ERROR:renderer_main.cc(226)] Running without renderer sandbox
[0802/145926:INFO:dhcp_proxy_script_adapter_fetcher_win.cc(264)] Error fetching PAC URL from DHCP: 2
[0802/145926:INFO:dhcp_proxy_script_adapter_fetcher_win.cc(264)] Error fetching PAC URL from DHCP: 2
[0802/145926:INFO:dhcp_proxy_script_adapter_fetcher_win.cc(264)] Error fetching PAC URL from DHCP: 2
[0802/145926:INFO:dhcp_proxy_script_adapter_fetcher_win.cc(264)] Error fetching PAC URL from DHCP: 2
[0802/145928:INFO:CONSOLE(0)] "event.returnValue is deprecated. Please use the standard event.preventDefault() instead.", source:  (0)
[0802/145935:INFO:dhcp_proxy_script_adapter_fetcher_win.cc(264)] Error fetching PAC URL from DHCP: 2
[0802/145935:INFO:dhcp_proxy_script_adapter_fetcher_win.cc(264)] Error fetching PAC URL from DHCP: 2
[0802/145935:INFO:dhcp_proxy_script_adapter_fetcher_win.cc(264)] Error fetching PAC URL from DHCP: 2
[0802/145935:INFO:dhcp_proxy_script_adapter_fetcher_win.cc(264)] Error fetching PAC URL from DHCP: 2
[0802/150433:INFO:dhcp_proxy_script_adapter_fetcher_win.cc(264)] Error fetching PAC URL from DHCP: 2
[0802/150433:INFO:dhcp_proxy_script_adapter_fetcher_win.cc(264)] Error fetching PAC URL from DHCP: 2
[0802/150433:INFO:dhcp_proxy_script_adapter_fetcher_win.cc(264)] Error fetching PAC URL from DHCP: 2
[0802/150433:INFO:dhcp_proxy_script_adapter_fetcher_win.cc(264)] Error fetching PAC URL from DHCP: 2
[0802/151241:INFO:dhcp_proxy_script_adapter_fetcher_win.cc(264)] Error fetching PAC URL from DHCP: 2
[0802/151241:INFO:dhcp_proxy_script_adapter_fetcher_win.cc(264)] Error fetching PAC URL from DHCP: 2
[0802/151241:INFO:dhcp_proxy_script_adapter_fetcher_win.cc(264)] Error fetching PAC URL from DHCP: 2
[0802/151241:INFO:dhcp_proxy_script_adapter_fetcher_win.cc(264)] Error fetching PAC URL from DHCP: 2
[0814/162828:ERROR:renderer_main.cc(226)] Running without renderer sandbox
[0814/162830:ERROR:renderer_main.cc(226)] Running without renderer sandbox
[0814/162833:ERROR:renderer_main.cc(226)] Running without renderer sandbox
[0814/162837:INFO:dhcp_proxy_script_adapter_fetcher_win.cc(264)] Error fetching PAC URL from DHCP: 2
[0814/162837:INFO:dhcp_proxy_script_adapter_fetcher_win.cc(264)] Error fetching PAC URL from DHCP: 2
[0814/162837:INFO:dhcp_proxy_script_adapter_fetcher_win.cc(264)] Error fetching PAC URL from DHCP: 2
[0814/162837:INFO:dhcp_proxy_script_adapter_fetcher_win.cc(264)] Error fetching PAC URL from DHCP: 2
[0814/162837:INFO:CONSOLE(1)] "ReferenceError: EdgeDOM is not defined
    at eval (eval at <anonymous> (unknown source), <anonymous>:1:13)
    at <anonymous>:0:53", source:  (1)
[0814/162838:INFO:CONSOLE(1)] "ReferenceError: EdgeDOM is not defined
    at eval (eval at <anonymous> (unknown source), <anonymous>:1:13)
    at <anonymous>:0:53", source:  (1)
[0814/162842:INFO:CONSOLE(1)] "Uncaught TypeError: Cannot call method 'appendChild' of undefined", source: v8/appCss (1)
[0814/162842:INFO:CONSOLE(0)] "event.returnValue is deprecated. Please use the standard event.preventDefault() instead.", source:  (0)
[0814/162846:INFO:dhcp_proxy_script_adapter_fetcher_win.cc(264)] Error fetching PAC URL from DHCP: 2
[0814/162846:INFO:dhcp_proxy_script_adapter_fetcher_win.cc(264)] Error fetching PAC URL from DHCP: 2
[0814/162846:INFO:dhcp_proxy_script_adapter_fetcher_win.cc(264)] Error fetching PAC URL from DHCP: 2
[0814/162846:INFO:dhcp_proxy_script_adapter_fetcher_win.cc(264)] Error fetching PAC URL from DHCP: 2
[0814/212043:INFO:dhcp_proxy_script_adapter_fetcher_win.cc(264)] Error fetching PAC URL from DHCP: 2
[0814/212043:INFO:dhcp_proxy_script_adapter_fetcher_win.cc(264)] Error fetching PAC URL from DHCP: 2
[0814/212043:INFO:dhcp_proxy_script_adapter_fetcher_win.cc(264)] Error fetching PAC URL from DHCP: 2
[0814/212043:INFO:dhcp_proxy_script_adapter_fetcher_win.cc(264)] Error fetching PAC URL from DHCP: 2
[0814/212046:INFO:dhcp_proxy_script_adapter_fetcher_win.cc(264)] Error fetching PAC URL from DHCP: 2
[0814/212046:INFO:dhcp_proxy_script_adapter_fetcher_win.cc(264)] Error fetching PAC URL from DHCP: 2
[0814/212046:INFO:dhcp_proxy_script_adapter_fetcher_win.cc(264)] Error fetching PAC URL from DHCP: 2
[0814/212046:INFO:dhcp_proxy_script_adapter_fetcher_win.cc(264)] Error fetching PAC URL from DHCP: 2
[0814/212055:INFO:dhcp_proxy_script_adapter_fetcher_win.cc(264)] Error fetching PAC URL from DHCP: 2
[0814/212055:INFO:dhcp_proxy_script_adapter_fetcher_win.cc(264)] Error fetching PAC URL from DHCP: 2
[0814/212055:INFO:dhcp_proxy_script_adapter_fetcher_win.cc(264)] Error fetching PAC URL from DHCP: 2
[0814/212055:INFO:dhcp_proxy_script_adapter_fetcher_win.cc(264)] Error fetching PAC URL from DHCP: 2
[0814/220652:ERROR:ipc_channel_win.cc(405)] pipe error: 232
[0828/081133:ERROR:renderer_main.cc(226)] Running without renderer sandbox
[0828/081134:ERROR:renderer_main.cc(226)] Running without renderer sandbox
[0828/081152:ERROR:renderer_main.cc(226)] Running without renderer sandbox
[0828/081154:INFO:dhcp_proxy_script_adapter_fetcher_win.cc(264)] Error fetching PAC URL from DHCP: 2
[0828/081154:INFO:dhcp_proxy_script_adapter_fetcher_win.cc(264)] Error fetching PAC URL from DHCP: 2
[0828/081154:INFO:dhcp_proxy_script_adapter_fetcher_win.cc(264)] Error fetching PAC URL from DHCP: 2
[0828/081154:INFO:dhcp_proxy_script_adapter_fetcher_win.cc(264)] Error fetching PAC URL from DHCP: 2
[0828/081159:INFO:CONSOLE(0)] "event.returnValue is deprecated. Please use the standard event.preventDefault() instead.", source:  (0)
[0828/081203:INFO:dhcp_proxy_script_adapter_fetcher_win.cc(264)] Error fetching PAC URL from DHCP: 2
[0828/081203:INFO:dhcp_proxy_script_adapter_fetcher_win.cc(264)] Error fetching PAC URL from DHCP: 2
[0828/081203:INFO:dhcp_proxy_script_adapter_fetcher_win.cc(264)] Error fetching PAC URL from DHCP: 2
[0828/081203:INFO:dhcp_proxy_script_adapter_fetcher_win.cc(264)] Error fetching PAC URL from DHCP: 2
[0828/081541:INFO:dhcp_proxy_script_adapter_fetcher_win.cc(264)] Error fetching PAC URL from DHCP: 2
[0828/081541:INFO:dhcp_proxy_script_adapter_fetcher_win.cc(264)] Error fetching PAC URL from DHCP: 2
[0828/081541:INFO:dhcp_proxy_script_adapter_fetcher_win.cc(264)] Error fetching PAC URL from DHCP: 2
[0828/081541:INFO:dhcp_proxy_script_adapter_fetcher_win.cc(264)] Error fetching PAC URL from DHCP: 2
[0828/081859:INFO:dhcp_proxy_script_adapter_fetcher_win.cc(264)] Error fetching PAC URL from DHCP: 2
[0828/081859:INFO:dhcp_proxy_script_adapter_fetcher_win.cc(264)] Error fetching PAC URL from DHCP: 2
[0828/081859:INFO:dhcp_proxy_script_adapter_fetcher_win.cc(264)] Error fetching PAC URL from DHCP: 2
[0828/081859:INFO:dhcp_proxy_script_adapter_fetcher_win.cc(264)] Error fetching PAC URL from DHCP: 2
[0828/082203:INFO:CONSOLE(0)] "Uncaught TypeError: Cannot read property 'nodeType' of undefined,0", source: about:docKey-12 (0)
[0828/082203:INFO:CONSOLE(0)] "Uncaught TypeError: Cannot read property 'nodeType' of undefined", source: http://127.0.0.1:54321/_DRIVE_C_EVIRD_/Users/Sena/Desktop/Escritorio/deka-pagina-web/edge_includes/jquery-2.0.3.min.js (0)
[0828/082437:INFO:CONSOLE(48)] "TypeError: Cannot read property 'pointX' of null
    at Object.EdgeDOM.updateOverlay (http://127.0.0.1:54321/_DRIVE_C_EVIRD_/Users/Sena/Desktop/Escritorio/deka-pagina-web/edge_includes/an.canvas.overlay.min.js:43:373)
    at Object.EdgeDOM.setInteractiveCookie (http://127.0.0.1:54321/_DRIVE_C_EVIRD_/Users/Sena/Desktop/Escritorio/deka-pagina-web/edge_includes/an.canvas.overlay.min.js:25:302)
    at eval (eval at <anonymous> (unknown source), <anonymous>:1:21)
    at <anonymous>:0:59", source: http://127.0.0.1:54321/_DRIVE_C_EVIRD_/Users/Sena/Desktop/Escritorio/deka-pagina-web/edge_includes/an.canvas.overlay.min.js (48)
[0828/082623:INFO:CONSOLE(0)] "Uncaught TypeError: Cannot read property 'nodeType' of undefined,0", source: about:docKey-32 (0)
[0828/082623:INFO:CONSOLE(0)] "Uncaught TypeError: Cannot read property 'nodeType' of undefined", source: http://127.0.0.1:54321/_DRIVE_C_EVIRD_/Users/Sena/Desktop/Escritorio/deka-pagina-web/edge_includes/jquery-2.0.3.min.js (0)
[0828/082827:INFO:CONSOLE(48)] "TypeError: Cannot read property 'pointX' of null
    at Object.EdgeDOM.updateOverlay (http://127.0.0.1:54321/_DRIVE_C_EVIRD_/Users/Sena/Desktop/Escritorio/deka-pagina-web/edge_includes/an.canvas.overlay.min.js:43:373)
    at Object.EdgeDOM.setInteractiveCookie (http://127.0.0.1:54321/_DRIVE_C_EVIRD_/Users/Sena/Desktop/Escritorio/deka-pagina-web/edge_includes/an.canvas.overlay.min.js:25:302)
    at eval (eval at <anonymous> (unknown source), <anonymous>:1:21)
    at <anonymous>:0:59", source: http://127.0.0.1:54321/_DRIVE_C_EVIRD_/Users/Sena/Desktop/Escritorio/deka-pagina-web/edge_includes/an.canvas.overlay.min.js (48)
[0828/082837:INFO:CONSOLE(48)] "TypeError: Cannot read property 'pointX' of null
    at Object.EdgeDOM.updateOverlay (http://127.0.0.1:54321/_DRIVE_C_EVIRD_/Users/Sena/Desktop/Escritorio/deka-pagina-web/edge_includes/an.canvas.overlay.min.js:43:373)
    at Object.EdgeDOM.setInteractiveCookie (http://127.0.0.1:54321/_DRIVE_C_EVIRD_/Users/Sena/Desktop/Escritorio/deka-pagina-web/edge_includes/an.canvas.overlay.min.js:25:302)
    at eval (eval at <anonymous> (unknown source), <anonymous>:1:21)
    at <anonymous>:0:59", source: http://127.0.0.1:54321/_DRIVE_C_EVIRD_/Users/Sena/Desktop/Escritorio/deka-pagina-web/edge_includes/an.canvas.overlay.min.js (48)
[0828/082848:INFO:CONSOLE(0)] "Uncaught TypeError: Cannot read property 'nodeType' of undefined,0", source: about:docKey-79 (0)
[0828/082848:INFO:CONSOLE(0)] "Uncaught TypeError: Cannot read property 'nodeType' of undefined", source: http://127.0.0.1:54321/_DRIVE_C_EVIRD_/Users/Sena/Desktop/Escritorio/deka-pagina-web/edge_includes/jquery-2.0.3.min.js (0)
[0828/083101:INFO:CONSOLE(48)] "TypeError: Cannot read property 'pointX' of null
    at Object.EdgeDOM.updateOverlay (http://127.0.0.1:54321/_DRIVE_C_EVIRD_/Users/Sena/Desktop/Escritorio/deka-pagina-web/edge_includes/an.canvas.overlay.min.js:43:373)
    at Object.EdgeDOM.setInteractiveCookie (http://127.0.0.1:54321/_DRIVE_C_EVIRD_/Users/Sena/Desktop/Escritorio/deka-pagina-web/edge_includes/an.canvas.overlay.min.js:25:302)
    at eval (eval at <anonymous> (unknown source), <anonymous>:1:21)
    at <anonymous>:0:61", source: http://127.0.0.1:54321/_DRIVE_C_EVIRD_/Users/Sena/Desktop/Escritorio/deka-pagina-web/edge_includes/an.canvas.overlay.min.js (48)
[0828/084545:INFO:CONSOLE(1)] "ReferenceError: EdgeDOM is not defined
    at eval (eval at <anonymous> (about:blank:0:49), <anonymous>:1:7)
    at about:blank:0:49", source:  (1)
[0828/084555:ERROR:renderer_main.cc(226)] Running without renderer sandbox
[0828/085301:INFO:CONSOLE(1)] "ReferenceError: EdgeDOM is not defined
    at eval (eval at <anonymous> (about:blank:0:49), <anonymous>:1:7)
    at about:blank:0:49", source:  (1)
[0828/085301:ERROR:renderer_main.cc(226)] Running without renderer sandbox
[0828/085307:ERROR:ipc_channel_win.cc(405)] pipe error: 232
